{"level":"info","message":"MATCH (u:User) -[r:IN_TEAM]-> (t:Team) WHERE u.id = \"33BYmVcYwfQcyPhZ23Liu7Cg2aK2\" AND ID(t) = 7\n        DETACH DELETE r","service":"user-service"}
{"level":"info","message":"MATCH (u:User) -[r:IN_TEAM]-> (t:Team) WHERE u.id = \"LuREJiEQzFQrqISOx6ATelnBNHF2\" AND ID(t) = 7\n        DETACH DELETE r","service":"user-service"}
{"level":"info","message":"\n          Match (t:Team) WHERE ID(t) = 7\n          MATCH (c:Company)-[cr:HAS_A_TEAM]->(t)\n          CREATE (n:User {id: \"33BYmVcYwfQcyPhZ23Liu7Cg2aK2\"}) -[tr:IN_TEAM {role: \"Member\"}] -> (t)\n          MATCH (c) -[tp:TAKE_A_PROJECT]-> (p:Project)\n          CREATE (n) -[wr:WORK_ON] -> (p)\n          RETURN p\n          ","service":"user-service"}
{"level":"info","message":"\n          Match (t:Team) WHERE ID(t) = 7\n          MATCH (c:Company)-[cr:HAS_A_TEAM]->(t)\n          CREATE (n:User {id: \"LuREJiEQzFQrqISOx6ATelnBNHF2\"}) -[tr:IN_TEAM {role: \"Leader\"}] -> (t)\n          MATCH (c) -[tp:TAKE_A_PROJECT]-> (p:Project)\n          CREATE (n) -[wr:WORK_ON] -> (p)\n          RETURN p\n          ","service":"user-service"}
{"level":"info","message":"MATCH (u:User) -[r:IN_TEAM]-> (t:Team) WHERE u.id = \"LuREJiEQzFQrqISOx6ATelnBNHF2\" AND ID(t) = 7\n        DETACH DELETE r","service":"user-service"}
{"level":"info","message":"MATCH (u:User) -[r:IN_TEAM]-> (t:Team) WHERE u.id = \"33BYmVcYwfQcyPhZ23Liu7Cg2aK2\" AND ID(t) = 7\n        DETACH DELETE r","service":"user-service"}
{"level":"info","message":"\n          Match (t:Team) WHERE ID(t) = 7\n          MATCH (c:Company)-[cr:HAS_A_TEAM]->(t)\n          CREATE (n:User {id: \"33BYmVcYwfQcyPhZ23Liu7Cg2aK2\"}) -[tr:IN_TEAM {role: \"Leader\"}] -> (t)\n          MATCH (c) -[tp:TAKE_A_PROJECT]-> (p:Project)\n          CREATE (n) -[wr:WORK_ON] -> (p)\n          RETURN p\n          ","service":"user-service"}
{"level":"info","message":"\n          Match (t:Team) WHERE ID(t) = 7\n          MATCH (c:Company)-[cr:HAS_A_TEAM]->(t)\n          CREATE (n:User {id: \"LuREJiEQzFQrqISOx6ATelnBNHF2\"}) -[tr:IN_TEAM {role: \"Leader\"}] -> (t)\n          MATCH (c) -[tp:TAKE_A_PROJECT]-> (p:Project)\n          CREATE (n) -[wr:WORK_ON] -> (p)\n          RETURN p\n          ","service":"user-service"}
{"level":"info","message":"MATCH (u:User) -[r:IN_TEAM]-> (t:Team) WHERE u.id = \"33BYmVcYwfQcyPhZ23Liu7Cg2aK2\" AND ID(t) = 7\n        DETACH DELETE r","service":"user-service"}
{"level":"info","message":"MATCH (u:User) -[r:IN_TEAM]-> (t:Team) WHERE u.id = \"LuREJiEQzFQrqISOx6ATelnBNHF2\" AND ID(t) = 7\n        DETACH DELETE r","service":"user-service"}
{"level":"info","message":"\n          Match (t:Team) WHERE ID(t) = 7\n          MATCH (c:Company)-[cr:HAS_A_TEAM]->(t)\n          CREATE (n:User {id: \"33BYmVcYwfQcyPhZ23Liu7Cg2aK2\"}) -[tr:IN_TEAM {role: \"Member\"}] -> (t)\n          MATCH (c) -[tp:TAKE_A_PROJECT]-> (p:Project)\n          CREATE (n) -[wr:WORK_ON] -> (p)\n          RETURN p\n          ","service":"user-service"}
{"level":"info","message":"\n          Match (t:Team) WHERE ID(t) = 7\n          MATCH (c:Company)-[cr:HAS_A_TEAM]->(t)\n          CREATE (n:User {id: \"LuREJiEQzFQrqISOx6ATelnBNHF2\"}) -[tr:IN_TEAM {role: \"Leader\"}] -> (t)\n          MATCH (c) -[tp:TAKE_A_PROJECT]-> (p:Project)\n          CREATE (n) -[wr:WORK_ON] -> (p)\n          RETURN p\n          ","service":"user-service"}
{"level":"info","message":"MATCH (u:User) -[r:IN_TEAM]-> (t:Team) WHERE u.id = \"33BYmVcYwfQcyPhZ23Liu7Cg2aK2\" AND ID(t) = 7\n        DETACH DELETE r","service":"user-service"}
{"level":"info","message":"MATCH (u:User) -[r:IN_TEAM]-> (t:Team) WHERE u.id = \"LuREJiEQzFQrqISOx6ATelnBNHF2\" AND ID(t) = 7\n        DETACH DELETE r","service":"user-service"}
{"level":"info","message":"\n          Match (t:Team) WHERE ID(t) = 7\n          MATCH (c:Company)-[cr:HAS_A_TEAM]->(t)\n          CREATE (n:User {id: \"33BYmVcYwfQcyPhZ23Liu7Cg2aK2\"}) -[tr:IN_TEAM {role: \"Leader\"}] -> (t)\n          MATCH (c) -[tp:TAKE_A_PROJECT]-> (p:Project)\n          CREATE (n) -[wr:WORK_ON] -> (p)\n          RETURN p\n          ","service":"user-service"}
{"level":"info","message":"\n          Match (t:Team) WHERE ID(t) = 7\n          MATCH (c:Company)-[cr:HAS_A_TEAM]->(t)\n          CREATE (n:User {id: \"LuREJiEQzFQrqISOx6ATelnBNHF2\"}) -[tr:IN_TEAM {role: \"Leader\"}] -> (t)\n          MATCH (c) -[tp:TAKE_A_PROJECT]-> (p:Project)\n          CREATE (n) -[wr:WORK_ON] -> (p)\n          RETURN p\n          ","service":"user-service"}
{"level":"info","message":"MATCH (u:User) -[r:IN_TEAM]-> (t:Team) WHERE u.id = \"33BYmVcYwfQcyPhZ23Liu7Cg2aK2\" AND ID(t) = 7\n        DETACH DELETE r","service":"user-service"}
{"level":"info","message":"MATCH (u:User) -[r:IN_TEAM]-> (t:Team) WHERE u.id = \"LuREJiEQzFQrqISOx6ATelnBNHF2\" AND ID(t) = 7\n        DETACH DELETE r","service":"user-service"}
{"level":"info","message":"\n          Match (t:Team) WHERE ID(t) = 7\n          MATCH (c:Company)-[cr:HAS_A_TEAM]->(t)\n          CREATE (n:User {id: \"33BYmVcYwfQcyPhZ23Liu7Cg2aK2\"}) -[tr:IN_TEAM {role: \"Leader\"}] -> (t)\n          MATCH (c) -[tp:TAKE_A_PROJECT]-> (p:Project)\n          CREATE (n) -[wr:WORK_ON] -> (p)\n          RETURN p\n          ","service":"user-service"}
{"level":"info","message":"\n          Match (t:Team) WHERE ID(t) = 7\n          MATCH (c:Company)-[cr:HAS_A_TEAM]->(t)\n          CREATE (n:User {id: \"LuREJiEQzFQrqISOx6ATelnBNHF2\"}) -[tr:IN_TEAM {role: \"Member\"}] -> (t)\n          MATCH (c) -[tp:TAKE_A_PROJECT]-> (p:Project)\n          CREATE (n) -[wr:WORK_ON] -> (p)\n          RETURN p\n          ","service":"user-service"}
{"level":"info","message":"MATCH (u:User) -[r:IN_TEAM]-> (t:Team) WHERE u.id = \"LuREJiEQzFQrqISOx6ATelnBNHF2\" AND ID(t) = 7\n        DETACH DELETE r","service":"user-service"}
{"level":"info","message":"MATCH (u:User) -[r:IN_TEAM]-> (t:Team) WHERE u.id = \"33BYmVcYwfQcyPhZ23Liu7Cg2aK2\" AND ID(t) = 7\n        DETACH DELETE r","service":"user-service"}
{"level":"info","message":"\n          Match (t:Team) WHERE ID(t) = 7\n          MATCH (c:Company)-[cr:HAS_A_TEAM]->(t)\n          CREATE (n:User {id: \"33BYmVcYwfQcyPhZ23Liu7Cg2aK2\"}) -[tr:IN_TEAM {role: \"Leader\"}] -> (t)\n          MATCH (c) -[tp:TAKE_A_PROJECT]-> (p:Project)\n          CREATE (n) -[wr:WORK_ON] -> (p)\n          RETURN p\n          ","service":"user-service"}
{"level":"info","message":"\n          Match (t:Team) WHERE ID(t) = 7\n          MATCH (c:Company)-[cr:HAS_A_TEAM]->(t)\n          CREATE (n:User {id: \"LuREJiEQzFQrqISOx6ATelnBNHF2\"}) -[tr:IN_TEAM {role: \"Member\"}] -> (t)\n          MATCH (c) -[tp:TAKE_A_PROJECT]-> (p:Project)\n          CREATE (n) -[wr:WORK_ON] -> (p)\n          RETURN p\n          ","service":"user-service"}
{"level":"info","message":"CREATE (task:Task {createdDate: datetime(), TaskName: \"Login\", StartDate: \"2024-05-09\", EndDate: \"2024-05-22\", Priority: \"10\", Comments: \"Make Login Page\"})\n          CREATE (team:Team) -[has_a_task:HAS_A_TASK]-> (task)\n          CREATE (user:User) -[create_task:CREATE_TASK]-> (task)\n          WHERE ID(team) = 7\n          AND ID(user) = 33BYmVcYwfQcyPhZ23Liu7Cg2aK2\n          RETURN task","service":"user-service"}
{"level":"info","message":"CREATE (task:Task {createdDate: datetime(), TaskName: \"SginUp\", StartDate: \"2024-05-24\", EndDate: \"2024-05-31\", Priority: \"8\", Comments: \"Make SginUp Page\"})\n          CREATE (team:Team) -[has_a_task:HAS_A_TASK]-> (task)\n          CREATE (user:User) -[create_task:CREATE_TASK]-> (task)\n          WHERE ID(team) = 7\n          AND ID(user) = 33BYmVcYwfQcyPhZ23Liu7Cg2aK2\n          RETURN task","service":"user-service"}
{"level":"info","message":"MATCH (t:Task) WHERE ID(t) = 6\n          SET t = {TaskName: \"SginUp\", TaskStatus: \"Pending\", StartDate: \"2024-05-24\", EndDate: \"2024-05-31\", Priority: \"8\", Comments: \"Make SginUp Page\", IsMarked: \"false\", CreateDate: \"Mon May 20 2024 07:05:07 GMT+0300 (Eastern European Summer Time)\"} RETURN t","service":"user-service"}
{"level":"info","message":"MATCH (t:Task) WHERE ID(t) = 6\n          SET t = {TaskName: \"SginUp\", TaskStatus: \"Finish\", StartDate: \"2024-05-24\", EndDate: \"2024-05-31\", Priority: \"8\", Comments: \"Make SginUp Page\", IsMarked: \"false\", CreateDate: \"Mon May 20 2024 07:05:07 GMT+0300 (Eastern European Summer Time)\"} RETURN t","service":"user-service"}
