{"level":"info","message":"🚀 Server ready at http://localhost:4000","service":"user-service"}
{"code":"ServiceUnavailable","level":"error","name":"Neo4jError","query":"CREATE INDEX SearchInMyPosts IF NOT EXISTS FOR (n:PositionPost) ON (n.Content)","service":"user-service"}
{"code":"ServiceUnavailable","level":"error","name":"Neo4jError","query":"CREATE INDEX SearchInProjects IF NOT EXISTS \n        FOR (n:Project) ON (n.ProjectName, n.ProjectDescription)","service":"user-service"}
{"code":"ServiceUnavailable","level":"error","name":"Neo4jError","query":"CREATE INDEX SearchInMyCompanies IF NOT EXISTS \n        FOR (n:Company) ON (n.CompanyName, n.CompanyDescription, n.Domain)","service":"user-service"}
{"code":"ServiceUnavailable","level":"error","name":"Neo4jError","query":"CREATE INDEX UserIndex IF NOT EXISTS FOR (n:User) ON (n.id)","service":"user-service"}
{"level":"error","message":"Wed May 01 2024 17:59:54 GMT+0300 (Eastern European Summer Time), in resolvers.js => getProfileStatistics, Neo4jError: Failed to connect to server. Please ensure that your database is listening on the correct host and port and that you have compatible encryption settings both on Neo4j server and driver. Note that the default encryption setting has changed in Neo4j 4.0.","service":"user-service"}
{"level":"info","message":"🚀 Server ready at http://localhost:4000","service":"user-service"}
{"level":"error","message":"Wed May 01 2024 18:10:29 GMT+0300 (Eastern European Summer Time), in resolvers.js => createNewUser, Neo4jError: Expected parameter(s): where_this_id","service":"user-service"}
{"level":"error","message":"Wed May 01 2024 18:10:30 GMT+0300 (Eastern European Summer Time), in resolvers.js => createNewUser, Neo4jError: Expected parameter(s): where_this_id","service":"user-service"}
{"level":"error","message":"Wed May 01 2024 18:10:32 GMT+0300 (Eastern European Summer Time), in resolvers.js => createNewAIChat, Error: User not found","service":"user-service"}
{"level":"error","message":"Wed May 01 2024 18:10:32 GMT+0300 (Eastern European Summer Time), in resolvers.js => createNewCompany, Error: User not found, please register first","service":"user-service"}
{"level":"error","message":"Wed May 01 2024 18:10:32 GMT+0300 (Eastern European Summer Time), in resolvers.js => createCompanyComment, Error: Are you send companyId? companyId is required, companyId value is 0. please check companyId value before send","service":"user-service"}
{"level":"error","message":"Wed May 01 2024 18:10:32 GMT+0300 (Eastern European Summer Time), in resolvers.js => createNewCompany, Error: User not found, please register first","service":"user-service"}
{"level":"error","message":"Wed May 01 2024 18:10:32 GMT+0300 (Eastern European Summer Time), in resolvers.js => createNewSkill, Error: User not found, please register first","service":"user-service"}
{"level":"error","message":"Wed May 01 2024 18:10:32 GMT+0300 (Eastern European Summer Time), in resolvers.js => createNewTeam, Error: Company not found, please create one first","service":"user-service"}
{"level":"error","message":"Wed May 01 2024 18:10:32 GMT+0300 (Eastern European Summer Time), in resolvers.js => createNewContactMessage, Error: User not found, please register first","service":"user-service"}
{"level":"error","message":"Wed May 01 2024 18:10:32 GMT+0300 (Eastern European Summer Time), in resolvers.js => createPositionPost, Error: Company not found, please create one first","service":"user-service"}
{"level":"error","message":"Wed May 01 2024 18:10:32 GMT+0300 (Eastern European Summer Time), in resolvers.js => applyForProject, Error: Are you send companyId? companyId is required, companyId value is 0. please check companyId value before send","service":"user-service"}
{"level":"error","message":"Wed May 01 2024 18:10:32 GMT+0300 (Eastern European Summer Time), in resolvers.js => addUserToTeam, Error: Are you send teamId? teamId is required, teamId value is 0. please check teamId value before send","service":"user-service"}
{"level":"error","message":"Wed May 01 2024 18:10:33 GMT+0300 (Eastern European Summer Time), in resolvers.js => createNewSocialMediaLink, Error: User not found","service":"user-service"}
{"level":"error","message":"Wed May 01 2024 18:10:33 GMT+0300 (Eastern European Summer Time), in resolvers.js => createTaskForUser, Error: User not found","service":"user-service"}
{"level":"error","message":"Wed May 01 2024 18:10:33 GMT+0300 (Eastern European Summer Time), in resolvers.js => createTaskForTeam, Error: Are you send teamId? teamId is required, teamId value is 0. please check teamId value before send","service":"user-service"}
{"level":"error","message":"Wed May 01 2024 18:10:33 GMT+0300 (Eastern European Summer Time), in resolvers.js => createTaskStep, Error: Are you send taskId? taskId is required, taskId value is 0. please check taskId value before send","service":"user-service"}
{"level":"error","message":"Wed May 01 2024 18:10:33 GMT+0300 (Eastern European Summer Time), in resolvers.js => createEducation, Error: User not found","service":"user-service"}
{"level":"error","message":"Wed May 01 2024 18:10:33 GMT+0300 (Eastern European Summer Time), in resolvers.js => applyToPost, Error: Are you send postId? postId is required, postId value is 0. please check postId value before send","service":"user-service"}
{"level":"warn","message":"Wed May 01 2024 18:10:34 GMT+0300 (Eastern European Summer Time), in resolvers.js => getUser, User not found in database","service":"user-service"}
{"level":"error","message":"Wed May 01 2024 18:10:34 GMT+0300 (Eastern European Summer Time), in resolvers.js => getUser, Error: User not found","service":"user-service"}
{"level":"error","message":"Wed May 01 2024 18:10:34 GMT+0300 (Eastern European Summer Time), in resolvers.js => getTeam, Error: Are you send teamId? teamId is required, teamId value is 0. please check teamId value before send","service":"user-service"}
{"level":"error","message":"Wed May 01 2024 18:10:35 GMT+0300 (Eastern European Summer Time), in resolvers.js => getCompany, Error: Are you send companyId? companyId is required, companyId value is 0. please check companyId value before send","service":"user-service"}
{"level":"error","message":"Wed May 01 2024 18:10:36 GMT+0300 (Eastern European Summer Time), in resolvers.js => updateUser, Error: User not found","service":"user-service"}
{"level":"error","message":"Wed May 01 2024 18:10:36 GMT+0300 (Eastern European Summer Time), in resolvers.js => updateTaskStep, Error: Are you send taskStepId? taskStepId is required, taskStepId value is 0. please check taskStepId value before send","service":"user-service"}
{"level":"error","message":"Wed May 01 2024 18:10:36 GMT+0300 (Eastern European Summer Time), in resolvers.js => updateCompany, Error: Are you send companyId? companyId is required, companyId value is 0. please check companyId value before send","service":"user-service"}
{"level":"error","message":"Wed May 01 2024 18:10:36 GMT+0300 (Eastern European Summer Time), in resolvers.js => updatePositionPost, Error: Are you send postId? postId is required, postId value is 0. please check postId value before send","service":"user-service"}
{"level":"error","message":"Wed May 01 2024 18:10:36 GMT+0300 (Eastern European Summer Time), in resolvers.js => updateEducation, Error: Are you send educationId? educationId is required, educationId value is 0. please check educationId value before send","service":"user-service"}
{"level":"error","message":"Wed May 01 2024 18:10:36 GMT+0300 (Eastern European Summer Time), in resolvers.js => updateTeam, Error: Are you send teamId? teamId is required, teamId value is 0. please check teamId value before send","service":"user-service"}
{"level":"error","message":"Wed May 01 2024 18:11:10 GMT+0300 (Eastern European Summer Time), in resolvers.js => createNewUser, Neo4jError: Expected parameter(s): where_this_id","service":"user-service"}
{"level":"error","message":"Wed May 01 2024 18:11:11 GMT+0300 (Eastern European Summer Time), in resolvers.js => createNewUser, Neo4jError: Expected parameter(s): where_this_id","service":"user-service"}
{"level":"error","message":"Wed May 01 2024 18:11:11 GMT+0300 (Eastern European Summer Time), in resolvers.js => createNewAIChat, Error: User not found","service":"user-service"}
{"level":"error","message":"Wed May 01 2024 18:11:11 GMT+0300 (Eastern European Summer Time), in resolvers.js => createNewCompany, Error: User not found, please register first","service":"user-service"}
{"level":"error","message":"Wed May 01 2024 18:11:12 GMT+0300 (Eastern European Summer Time), in resolvers.js => createNewCompany, Error: User not found, please register first","service":"user-service"}
{"level":"error","message":"Wed May 01 2024 18:11:12 GMT+0300 (Eastern European Summer Time), in resolvers.js => createCompanyComment, Error: Are you send companyId? companyId is required, companyId value is 0. please check companyId value before send","service":"user-service"}
{"level":"error","message":"Wed May 01 2024 18:11:12 GMT+0300 (Eastern European Summer Time), in resolvers.js => createNewTeam, Error: Company not found, please create one first","service":"user-service"}
{"level":"error","message":"Wed May 01 2024 18:11:12 GMT+0300 (Eastern European Summer Time), in resolvers.js => createNewSkill, Error: User not found, please register first","service":"user-service"}
{"level":"error","message":"Wed May 01 2024 18:11:12 GMT+0300 (Eastern European Summer Time), in resolvers.js => createNewContactMessage, Error: User not found, please register first","service":"user-service"}
{"level":"error","message":"Wed May 01 2024 18:11:12 GMT+0300 (Eastern European Summer Time), in resolvers.js => createPositionPost, Error: Company not found, please create one first","service":"user-service"}
{"level":"error","message":"Wed May 01 2024 18:11:12 GMT+0300 (Eastern European Summer Time), in resolvers.js => applyForProject, Error: Are you send companyId? companyId is required, companyId value is 0. please check companyId value before send","service":"user-service"}
{"level":"error","message":"Wed May 01 2024 18:11:12 GMT+0300 (Eastern European Summer Time), in resolvers.js => addUserToTeam, Error: Are you send teamId? teamId is required, teamId value is 0. please check teamId value before send","service":"user-service"}
{"level":"error","message":"Wed May 01 2024 18:11:12 GMT+0300 (Eastern European Summer Time), in resolvers.js => createNewSocialMediaLink, Error: User not found","service":"user-service"}
{"level":"error","message":"Wed May 01 2024 18:11:12 GMT+0300 (Eastern European Summer Time), in resolvers.js => createTaskForUser, Error: User not found","service":"user-service"}
{"level":"error","message":"Wed May 01 2024 18:11:12 GMT+0300 (Eastern European Summer Time), in resolvers.js => createTaskForTeam, Error: Are you send teamId? teamId is required, teamId value is 0. please check teamId value before send","service":"user-service"}
{"level":"error","message":"Wed May 01 2024 18:11:12 GMT+0300 (Eastern European Summer Time), in resolvers.js => createTaskStep, Error: Are you send taskId? taskId is required, taskId value is 0. please check taskId value before send","service":"user-service"}
{"level":"error","message":"Wed May 01 2024 18:11:12 GMT+0300 (Eastern European Summer Time), in resolvers.js => createEducation, Error: User not found","service":"user-service"}
{"level":"error","message":"Wed May 01 2024 18:11:12 GMT+0300 (Eastern European Summer Time), in resolvers.js => applyToPost, Error: Are you send postId? postId is required, postId value is 0. please check postId value before send","service":"user-service"}
{"level":"warn","message":"Wed May 01 2024 18:11:13 GMT+0300 (Eastern European Summer Time), in resolvers.js => getUser, User not found in database","service":"user-service"}
{"level":"error","message":"Wed May 01 2024 18:11:13 GMT+0300 (Eastern European Summer Time), in resolvers.js => getUser, Error: User not found","service":"user-service"}
{"level":"error","message":"Wed May 01 2024 18:11:13 GMT+0300 (Eastern European Summer Time), in resolvers.js => getTeam, Error: Are you send teamId? teamId is required, teamId value is 0. please check teamId value before send","service":"user-service"}
{"level":"error","message":"Wed May 01 2024 18:11:13 GMT+0300 (Eastern European Summer Time), in resolvers.js => getCompany, Error: Are you send companyId? companyId is required, companyId value is 0. please check companyId value before send","service":"user-service"}
{"level":"error","message":"Wed May 01 2024 18:11:13 GMT+0300 (Eastern European Summer Time), in resolvers.js => updateUser, Error: User not found","service":"user-service"}
{"level":"error","message":"Wed May 01 2024 18:11:13 GMT+0300 (Eastern European Summer Time), in resolvers.js => updateTaskStep, Error: Are you send taskStepId? taskStepId is required, taskStepId value is 0. please check taskStepId value before send","service":"user-service"}
{"level":"error","message":"Wed May 01 2024 18:11:13 GMT+0300 (Eastern European Summer Time), in resolvers.js => updateCompany, Error: Are you send companyId? companyId is required, companyId value is 0. please check companyId value before send","service":"user-service"}
{"level":"error","message":"Wed May 01 2024 18:11:13 GMT+0300 (Eastern European Summer Time), in resolvers.js => updatePositionPost, Error: Are you send postId? postId is required, postId value is 0. please check postId value before send","service":"user-service"}
{"level":"error","message":"Wed May 01 2024 18:11:13 GMT+0300 (Eastern European Summer Time), in resolvers.js => updateEducation, Error: Are you send educationId? educationId is required, educationId value is 0. please check educationId value before send","service":"user-service"}
{"level":"error","message":"Wed May 01 2024 18:11:13 GMT+0300 (Eastern European Summer Time), in resolvers.js => updateTeam, Error: Are you send teamId? teamId is required, teamId value is 0. please check teamId value before send","service":"user-service"}
{"level":"info","message":"🚀 Server ready at http://localhost:4000","service":"user-service"}
{"level":"error","message":"Wed May 01 2024 18:11:26 GMT+0300 (Eastern European Summer Time), in resolvers.js => createNewUser, Neo4jError: Expected parameter(s): where_this_id","service":"user-service"}
{"level":"error","message":"Wed May 01 2024 18:11:27 GMT+0300 (Eastern European Summer Time), in resolvers.js => createNewUser, Neo4jError: Expected parameter(s): where_this_id","service":"user-service"}
{"level":"error","message":"Wed May 01 2024 18:11:27 GMT+0300 (Eastern European Summer Time), in resolvers.js => createNewAIChat, Error: User not found","service":"user-service"}
{"level":"error","message":"Wed May 01 2024 18:11:27 GMT+0300 (Eastern European Summer Time), in resolvers.js => createNewCompany, Error: User not found, please register first","service":"user-service"}
{"level":"error","message":"Wed May 01 2024 18:11:27 GMT+0300 (Eastern European Summer Time), in resolvers.js => createNewCompany, Error: User not found, please register first","service":"user-service"}
{"level":"error","message":"Wed May 01 2024 18:11:27 GMT+0300 (Eastern European Summer Time), in resolvers.js => createCompanyComment, Error: Are you send companyId? companyId is required, companyId value is 0. please check companyId value before send","service":"user-service"}
{"level":"error","message":"Wed May 01 2024 18:11:27 GMT+0300 (Eastern European Summer Time), in resolvers.js => createNewTeam, Error: Company not found, please create one first","service":"user-service"}
{"level":"error","message":"Wed May 01 2024 18:11:27 GMT+0300 (Eastern European Summer Time), in resolvers.js => createNewSkill, Error: User not found, please register first","service":"user-service"}
{"level":"error","message":"Wed May 01 2024 18:11:27 GMT+0300 (Eastern European Summer Time), in resolvers.js => createNewContactMessage, Error: User not found, please register first","service":"user-service"}
{"level":"error","message":"Wed May 01 2024 18:11:27 GMT+0300 (Eastern European Summer Time), in resolvers.js => createPositionPost, Error: Company not found, please create one first","service":"user-service"}
{"level":"error","message":"Wed May 01 2024 18:11:27 GMT+0300 (Eastern European Summer Time), in resolvers.js => applyForProject, Error: Are you send companyId? companyId is required, companyId value is 0. please check companyId value before send","service":"user-service"}
{"level":"error","message":"Wed May 01 2024 18:11:27 GMT+0300 (Eastern European Summer Time), in resolvers.js => addUserToTeam, Error: Are you send teamId? teamId is required, teamId value is 0. please check teamId value before send","service":"user-service"}
{"level":"error","message":"Wed May 01 2024 18:11:27 GMT+0300 (Eastern European Summer Time), in resolvers.js => createNewSocialMediaLink, Error: User not found","service":"user-service"}
{"level":"error","message":"Wed May 01 2024 18:11:27 GMT+0300 (Eastern European Summer Time), in resolvers.js => createTaskForUser, Error: User not found","service":"user-service"}
{"level":"error","message":"Wed May 01 2024 18:11:27 GMT+0300 (Eastern European Summer Time), in resolvers.js => createTaskForTeam, Error: Are you send teamId? teamId is required, teamId value is 0. please check teamId value before send","service":"user-service"}
{"level":"error","message":"Wed May 01 2024 18:11:27 GMT+0300 (Eastern European Summer Time), in resolvers.js => createTaskStep, Error: Are you send taskId? taskId is required, taskId value is 0. please check taskId value before send","service":"user-service"}
{"level":"error","message":"Wed May 01 2024 18:11:27 GMT+0300 (Eastern European Summer Time), in resolvers.js => createEducation, Error: User not found","service":"user-service"}
{"level":"error","message":"Wed May 01 2024 18:11:27 GMT+0300 (Eastern European Summer Time), in resolvers.js => applyToPost, Error: Are you send postId? postId is required, postId value is 0. please check postId value before send","service":"user-service"}
{"level":"warn","message":"Wed May 01 2024 18:11:27 GMT+0300 (Eastern European Summer Time), in resolvers.js => getUser, User not found in database","service":"user-service"}
{"level":"error","message":"Wed May 01 2024 18:11:27 GMT+0300 (Eastern European Summer Time), in resolvers.js => getUser, Error: User not found","service":"user-service"}
{"level":"error","message":"Wed May 01 2024 18:11:27 GMT+0300 (Eastern European Summer Time), in resolvers.js => getTeam, Error: Are you send teamId? teamId is required, teamId value is 0. please check teamId value before send","service":"user-service"}
{"level":"error","message":"Wed May 01 2024 18:11:28 GMT+0300 (Eastern European Summer Time), in resolvers.js => getCompany, Error: Are you send companyId? companyId is required, companyId value is 0. please check companyId value before send","service":"user-service"}
{"level":"error","message":"Wed May 01 2024 18:11:28 GMT+0300 (Eastern European Summer Time), in resolvers.js => updateUser, Error: User not found","service":"user-service"}
{"level":"error","message":"Wed May 01 2024 18:11:28 GMT+0300 (Eastern European Summer Time), in resolvers.js => updateTaskStep, Error: Are you send taskStepId? taskStepId is required, taskStepId value is 0. please check taskStepId value before send","service":"user-service"}
{"level":"error","message":"Wed May 01 2024 18:11:28 GMT+0300 (Eastern European Summer Time), in resolvers.js => updateCompany, Error: Are you send companyId? companyId is required, companyId value is 0. please check companyId value before send","service":"user-service"}
{"level":"error","message":"Wed May 01 2024 18:11:28 GMT+0300 (Eastern European Summer Time), in resolvers.js => updatePositionPost, Error: Are you send postId? postId is required, postId value is 0. please check postId value before send","service":"user-service"}
{"level":"error","message":"Wed May 01 2024 18:11:28 GMT+0300 (Eastern European Summer Time), in resolvers.js => updateEducation, Error: Are you send educationId? educationId is required, educationId value is 0. please check educationId value before send","service":"user-service"}
{"level":"error","message":"Wed May 01 2024 18:11:28 GMT+0300 (Eastern European Summer Time), in resolvers.js => updateTeam, Error: Are you send teamId? teamId is required, teamId value is 0. please check teamId value before send","service":"user-service"}
{"level":"info","message":"🚀 Server ready at http://localhost:4000","service":"user-service"}
{"level":"error","message":"Wed May 01 2024 18:11:56 GMT+0300 (Eastern European Summer Time), in resolvers.js => createNewUser, Neo4jError: Expected parameter(s): where_this_id","service":"user-service"}
{"level":"error","message":"Wed May 01 2024 18:11:57 GMT+0300 (Eastern European Summer Time), in resolvers.js => createNewUser, Neo4jError: Expected parameter(s): where_this_id","service":"user-service"}
{"level":"error","message":"Wed May 01 2024 18:11:58 GMT+0300 (Eastern European Summer Time), in resolvers.js => createNewAIChat, Error: User not found","service":"user-service"}
{"level":"error","message":"Wed May 01 2024 18:11:58 GMT+0300 (Eastern European Summer Time), in resolvers.js => createNewCompany, Error: User not found, please register first","service":"user-service"}
{"level":"error","message":"Wed May 01 2024 18:11:58 GMT+0300 (Eastern European Summer Time), in resolvers.js => createNewCompany, Error: User not found, please register first","service":"user-service"}
{"level":"error","message":"Wed May 01 2024 18:11:59 GMT+0300 (Eastern European Summer Time), in resolvers.js => createCompanyComment, Error: Are you send companyId? companyId is required, companyId value is 0. please check companyId value before send","service":"user-service"}
{"level":"error","message":"Wed May 01 2024 18:11:59 GMT+0300 (Eastern European Summer Time), in resolvers.js => createNewTeam, Error: Company not found, please create one first","service":"user-service"}
{"level":"error","message":"Wed May 01 2024 18:11:59 GMT+0300 (Eastern European Summer Time), in resolvers.js => createNewSkill, Error: User not found, please register first","service":"user-service"}
{"level":"error","message":"Wed May 01 2024 18:11:59 GMT+0300 (Eastern European Summer Time), in resolvers.js => createNewContactMessage, Error: User not found, please register first","service":"user-service"}
{"level":"error","message":"Wed May 01 2024 18:11:59 GMT+0300 (Eastern European Summer Time), in resolvers.js => createPositionPost, Error: Company not found, please create one first","service":"user-service"}
{"level":"error","message":"Wed May 01 2024 18:11:59 GMT+0300 (Eastern European Summer Time), in resolvers.js => applyForProject, Error: Are you send companyId? companyId is required, companyId value is 0. please check companyId value before send","service":"user-service"}
{"level":"error","message":"Wed May 01 2024 18:11:59 GMT+0300 (Eastern European Summer Time), in resolvers.js => addUserToTeam, Error: Are you send teamId? teamId is required, teamId value is 0. please check teamId value before send","service":"user-service"}
{"level":"error","message":"Wed May 01 2024 18:11:59 GMT+0300 (Eastern European Summer Time), in resolvers.js => createNewSocialMediaLink, Error: User not found","service":"user-service"}
{"level":"error","message":"Wed May 01 2024 18:11:59 GMT+0300 (Eastern European Summer Time), in resolvers.js => createTaskForUser, Error: User not found","service":"user-service"}
{"level":"error","message":"Wed May 01 2024 18:11:59 GMT+0300 (Eastern European Summer Time), in resolvers.js => createTaskForTeam, Error: Are you send teamId? teamId is required, teamId value is 0. please check teamId value before send","service":"user-service"}
{"level":"error","message":"Wed May 01 2024 18:11:59 GMT+0300 (Eastern European Summer Time), in resolvers.js => createTaskStep, Error: Are you send taskId? taskId is required, taskId value is 0. please check taskId value before send","service":"user-service"}
{"level":"error","message":"Wed May 01 2024 18:11:59 GMT+0300 (Eastern European Summer Time), in resolvers.js => createEducation, Error: User not found","service":"user-service"}
{"level":"error","message":"Wed May 01 2024 18:11:59 GMT+0300 (Eastern European Summer Time), in resolvers.js => applyToPost, Error: Are you send postId? postId is required, postId value is 0. please check postId value before send","service":"user-service"}
{"level":"warn","message":"Wed May 01 2024 18:11:59 GMT+0300 (Eastern European Summer Time), in resolvers.js => getUser, User not found in database","service":"user-service"}
{"level":"error","message":"Wed May 01 2024 18:11:59 GMT+0300 (Eastern European Summer Time), in resolvers.js => getUser, Error: User not found","service":"user-service"}
{"level":"error","message":"Wed May 01 2024 18:11:59 GMT+0300 (Eastern European Summer Time), in resolvers.js => getTeam, Error: Are you send teamId? teamId is required, teamId value is 0. please check teamId value before send","service":"user-service"}
{"level":"error","message":"Wed May 01 2024 18:12:00 GMT+0300 (Eastern European Summer Time), in resolvers.js => getCompany, Error: Are you send companyId? companyId is required, companyId value is 0. please check companyId value before send","service":"user-service"}
{"level":"error","message":"Wed May 01 2024 18:12:00 GMT+0300 (Eastern European Summer Time), in resolvers.js => updateUser, Error: User not found","service":"user-service"}
{"level":"error","message":"Wed May 01 2024 18:12:00 GMT+0300 (Eastern European Summer Time), in resolvers.js => updateTaskStep, Error: Are you send taskStepId? taskStepId is required, taskStepId value is 0. please check taskStepId value before send","service":"user-service"}
{"level":"error","message":"Wed May 01 2024 18:12:00 GMT+0300 (Eastern European Summer Time), in resolvers.js => updateCompany, Error: Are you send companyId? companyId is required, companyId value is 0. please check companyId value before send","service":"user-service"}
{"level":"error","message":"Wed May 01 2024 18:12:00 GMT+0300 (Eastern European Summer Time), in resolvers.js => updatePositionPost, Error: Are you send postId? postId is required, postId value is 0. please check postId value before send","service":"user-service"}
{"level":"error","message":"Wed May 01 2024 18:12:00 GMT+0300 (Eastern European Summer Time), in resolvers.js => updateEducation, Error: Are you send educationId? educationId is required, educationId value is 0. please check educationId value before send","service":"user-service"}
{"level":"error","message":"Wed May 01 2024 18:12:00 GMT+0300 (Eastern European Summer Time), in resolvers.js => updateTeam, Error: Are you send teamId? teamId is required, teamId value is 0. please check teamId value before send","service":"user-service"}
{"level":"info","message":"🚀 Server ready at http://localhost:4000","service":"user-service"}
{"level":"error","message":"Wed May 01 2024 18:13:58 GMT+0300 (Eastern European Summer Time), in resolvers.js => createNewUser, Neo4jError: Expected parameter(s): where_this_id","service":"user-service"}
{"level":"error","message":"Wed May 01 2024 18:13:59 GMT+0300 (Eastern European Summer Time), in resolvers.js => createNewUser, Neo4jError: Expected parameter(s): where_this_id","service":"user-service"}
{"level":"error","message":"Wed May 01 2024 18:13:59 GMT+0300 (Eastern European Summer Time), in resolvers.js => createNewAIChat, Error: User not found","service":"user-service"}
{"level":"error","message":"Wed May 01 2024 18:13:59 GMT+0300 (Eastern European Summer Time), in resolvers.js => createNewCompany, Error: User not found, please register first","service":"user-service"}
{"level":"error","message":"Wed May 01 2024 18:13:59 GMT+0300 (Eastern European Summer Time), in resolvers.js => createNewCompany, Error: User not found, please register first","service":"user-service"}
{"level":"error","message":"Wed May 01 2024 18:13:59 GMT+0300 (Eastern European Summer Time), in resolvers.js => createCompanyComment, Error: Are you send companyId? companyId is required, companyId value is 0. please check companyId value before send","service":"user-service"}
{"level":"error","message":"Wed May 01 2024 18:13:59 GMT+0300 (Eastern European Summer Time), in resolvers.js => createNewTeam, Error: Company not found, please create one first","service":"user-service"}
{"level":"error","message":"Wed May 01 2024 18:13:59 GMT+0300 (Eastern European Summer Time), in resolvers.js => createNewSkill, Error: User not found, please register first","service":"user-service"}
{"level":"error","message":"Wed May 01 2024 18:13:59 GMT+0300 (Eastern European Summer Time), in resolvers.js => createNewContactMessage, Error: User not found, please register first","service":"user-service"}
{"level":"error","message":"Wed May 01 2024 18:13:59 GMT+0300 (Eastern European Summer Time), in resolvers.js => createPositionPost, Error: Company not found, please create one first","service":"user-service"}
{"level":"error","message":"Wed May 01 2024 18:13:59 GMT+0300 (Eastern European Summer Time), in resolvers.js => applyForProject, Error: Are you send companyId? companyId is required, companyId value is 0. please check companyId value before send","service":"user-service"}
{"level":"error","message":"Wed May 01 2024 18:13:59 GMT+0300 (Eastern European Summer Time), in resolvers.js => addUserToTeam, Error: Are you send teamId? teamId is required, teamId value is 0. please check teamId value before send","service":"user-service"}
{"level":"error","message":"Wed May 01 2024 18:13:59 GMT+0300 (Eastern European Summer Time), in resolvers.js => createNewSocialMediaLink, Error: User not found","service":"user-service"}
{"level":"error","message":"Wed May 01 2024 18:13:59 GMT+0300 (Eastern European Summer Time), in resolvers.js => createTaskForUser, Error: User not found","service":"user-service"}
{"level":"error","message":"Wed May 01 2024 18:13:59 GMT+0300 (Eastern European Summer Time), in resolvers.js => createTaskForTeam, Error: Are you send teamId? teamId is required, teamId value is 0. please check teamId value before send","service":"user-service"}
{"level":"error","message":"Wed May 01 2024 18:13:59 GMT+0300 (Eastern European Summer Time), in resolvers.js => createTaskStep, Error: Are you send taskId? taskId is required, taskId value is 0. please check taskId value before send","service":"user-service"}
{"level":"error","message":"Wed May 01 2024 18:13:59 GMT+0300 (Eastern European Summer Time), in resolvers.js => createEducation, Error: User not found","service":"user-service"}
{"level":"error","message":"Wed May 01 2024 18:13:59 GMT+0300 (Eastern European Summer Time), in resolvers.js => applyToPost, Error: Are you send postId? postId is required, postId value is 0. please check postId value before send","service":"user-service"}
{"level":"warn","message":"Wed May 01 2024 18:13:59 GMT+0300 (Eastern European Summer Time), in resolvers.js => getUser, User not found in database","service":"user-service"}
{"level":"error","message":"Wed May 01 2024 18:13:59 GMT+0300 (Eastern European Summer Time), in resolvers.js => getUser, Error: User not found","service":"user-service"}
{"level":"error","message":"Wed May 01 2024 18:13:59 GMT+0300 (Eastern European Summer Time), in resolvers.js => getTeam, Error: Are you send teamId? teamId is required, teamId value is 0. please check teamId value before send","service":"user-service"}
{"level":"error","message":"Wed May 01 2024 18:13:59 GMT+0300 (Eastern European Summer Time), in resolvers.js => getCompany, Error: Are you send companyId? companyId is required, companyId value is 0. please check companyId value before send","service":"user-service"}
{"level":"error","message":"Wed May 01 2024 18:13:59 GMT+0300 (Eastern European Summer Time), in resolvers.js => updateUser, Error: User not found","service":"user-service"}
{"level":"error","message":"Wed May 01 2024 18:13:59 GMT+0300 (Eastern European Summer Time), in resolvers.js => updateTaskStep, Error: Are you send taskStepId? taskStepId is required, taskStepId value is 0. please check taskStepId value before send","service":"user-service"}
{"level":"error","message":"Wed May 01 2024 18:13:59 GMT+0300 (Eastern European Summer Time), in resolvers.js => updateCompany, Error: Are you send companyId? companyId is required, companyId value is 0. please check companyId value before send","service":"user-service"}
{"level":"error","message":"Wed May 01 2024 18:14:00 GMT+0300 (Eastern European Summer Time), in resolvers.js => updatePositionPost, Error: Are you send postId? postId is required, postId value is 0. please check postId value before send","service":"user-service"}
{"level":"error","message":"Wed May 01 2024 18:14:00 GMT+0300 (Eastern European Summer Time), in resolvers.js => updateEducation, Error: Are you send educationId? educationId is required, educationId value is 0. please check educationId value before send","service":"user-service"}
{"level":"error","message":"Wed May 01 2024 18:14:00 GMT+0300 (Eastern European Summer Time), in resolvers.js => updateTeam, Error: Are you send teamId? teamId is required, teamId value is 0. please check teamId value before send","service":"user-service"}
{"level":"error","message":"Wed May 01 2024 18:14:48 GMT+0300 (Eastern European Summer Time), in resolvers.js => createNewUser, Neo4jError: Expected parameter(s): where_this_id","service":"user-service"}
{"level":"info","message":"🚀 Server ready at http://localhost:4000","service":"user-service"}
{"level":"error","message":"Wed May 01 2024 18:17:21 GMT+0300 (Eastern European Summer Time), in resolvers.js => createNewUser, Neo4jError: Expected parameter(s): where_this_id","service":"user-service"}
{"level":"info","message":"🚀 Server ready at http://localhost:4000","service":"user-service"}
{"level":"info","message":"🚀 Server ready at http://localhost:4000","service":"user-service"}
{"level":"info","message":"🚀 Server ready at http://localhost:4000","service":"user-service"}
{"level":"info","message":"🚀 Server ready at http://localhost:4000","service":"user-service"}
{"level":"info","message":"🚀 Server ready at http://localhost:4000","service":"user-service"}
{"level":"info","message":"🚀 Server ready at http://localhost:4000","service":"user-service"}
{"level":"info","message":"🚀 Server ready at http://localhost:4000","service":"user-service"}
